2017-01-27 21:48:01,321 DEBUG [main] c.d.e.e.EtlController [EtlController.java:28] finally always executes!
2017-01-27 21:49:36,011 DEBUG [main] c.d.e.e.EtlController [EtlController.java:28] finally always executes!
2017-02-01 22:42:02,794 DEBUG [main] c.d.e.e.EtlController [EtlController.java:28] finally always executes!
2017-02-01 23:04:01,656 DEBUG [main] c.d.e.e.EtlController [EtlController.java:35] finally always executes!
2017-02-01 23:35:57,953 DEBUG [main] c.d.e.e.EtlController [EtlController.java:35] finally always executes!
2017-02-01 23:37:31,048 DEBUG [main] c.d.e.e.EtlController [EtlController.java:22] List of extracted users: 
2017-02-01 23:37:31,056 DEBUG [main] c.d.e.e.EtlController [EtlController.java:36] finally always executes!
2017-02-01 23:39:35,611 DEBUG [main] c.d.e.e.EtlController [EtlController.java:22] List of extracted users: 
2017-02-01 23:39:35,622 DEBUG [main] c.d.e.e.EtlController [EtlController.java:36] finally always executes!
2017-02-01 23:41:41,426 DEBUG [main] c.d.e.e.EtlController [EtlController.java:22] First extracted user: [001, tester001]
2017-02-01 23:41:41,431 DEBUG [main] c.d.e.e.EtlController [EtlController.java:36] finally always executes!
2017-02-01 23:41:58,794 DEBUG [main] c.d.e.e.EtlController [EtlController.java:22] First extracted user data: [001, tester001]
2017-02-01 23:41:58,801 DEBUG [main] c.d.e.e.EtlController [EtlController.java:36] finally always executes!
2017-02-02 00:08:19,574 DEBUG [main] c.d.e.e.EtlController [EtlController.java:33] First extracted user data: [001, tester001]
2017-02-02 00:08:19,581 DEBUG [main] c.d.e.e.EtlController [EtlController.java:36] finally always executes!
2017-02-02 00:27:40,935 DEBUG [main] c.d.e.e.EtlController [EtlController.java:33] First extracted user data: [001, tester001]
2017-02-02 00:27:40,941 DEBUG [main] c.d.e.e.EtlController [EtlController.java:36] finally always executes!
2017-02-02 00:30:08,622 DEBUG [main] c.d.e.e.EtlController [EtlController.java:33] First extracted user data: [001, tester001]
2017-02-02 00:30:08,640 DEBUG [main] c.d.e.e.EtlController [EtlController.java:36] finally always executes!
2017-02-02 00:30:38,281 DEBUG [main] c.d.e.e.EtlController [EtlController.java:33] First extracted user data: [001, tester001]
2017-02-02 00:30:38,301 DEBUG [main] c.d.e.e.EtlController [EtlController.java:36] finally always executes!
2017-02-02 00:32:38,001 DEBUG [main] c.d.e.e.EtlController [EtlController.java:33] First extracted user data: [001, tester001]
2017-02-02 00:32:40,622 DEBUG [main] c.d.e.e.EtlController [EtlController.java:36] finally always executes!
2017-02-02 00:33:22,245 DEBUG [main] c.d.e.e.EtlController [EtlController.java:33] First extracted user data: [001, tester001]
2017-02-02 00:33:22,252 DEBUG [main] c.d.e.e.EtlController [EtlController.java:36] finally always executes!
2017-02-02 00:33:51,429 DEBUG [main] c.d.e.e.EtlController [EtlController.java:36] finally always executes!
2017-02-02 00:35:22,953 DEBUG [main] c.d.e.e.EtlController [EtlController.java:36] finally always executes!
2017-02-02 00:35:42,949 DEBUG [main] c.d.e.e.EtlController [EtlController.java:36] finally always executes!
2017-02-02 20:05:33,985 DEBUG [main] c.d.e.e.EtlController [EtlController.java:36] finally always executes!
2017-02-02 20:05:33,990 DEBUG [main] c.d.e.Main [Main.java:28] First extracted user data: [001, tester001]
2017-02-02 20:06:57,210 DEBUG [main] c.d.e.e.EtlController [EtlController.java:36] finally always executes!
2017-02-02 20:08:33,379 DEBUG [main] c.d.e.e.EtlController [EtlController.java:36] finally always executes!
2017-02-02 20:10:10,666 DEBUG [main] c.d.e.e.EtlController [EtlController.java:36] finally always executes!
2017-02-02 20:12:16,292 DEBUG [main] c.d.e.e.EtlController [EtlController.java:36] finally always executes!
2017-02-02 20:15:34,439 DEBUG [main] c.d.e.e.EtlController [EtlController.java:36] finally always executes!
2017-02-02 20:16:53,702 DEBUG [main] c.d.e.e.EtlController [EtlController.java:36] finally always executes!
2017-02-02 20:17:08,360 ERROR [main] c.d.e.Main [Main.java:26] It is not a DataExtractException!!
2017-02-02 20:18:31,767 DEBUG [main] c.d.e.e.EtlController [EtlController.java:36] finally always executes!
2017-02-02 20:18:52,569 ERROR [main] c.d.e.Main [Main.java:26] It is not a DataExtractException!!
2017-02-02 20:21:21,730 DEBUG [main] c.d.e.e.EtlController [EtlController.java:36] finally always executes!
2017-02-02 20:21:21,734 DEBUG [main] c.d.e.Main [Main.java:23] First extracted user data: [001, tester001]
2017-02-02 20:23:32,659 DEBUG [main] c.d.e.e.EtlController [EtlController.java:36] finally always executes!
2017-02-02 20:23:32,663 DEBUG [main] c.d.e.Main [Main.java:22] First extracted user data: [001, tester001]
2017-02-02 20:24:22,662 DEBUG [main] c.d.e.e.EtlController [EtlController.java:36] finally always executes!
2017-02-02 20:24:37,482 DEBUG [main] c.d.e.e.EtlController [EtlController.java:36] finally always executes!
2017-02-02 20:25:20,401 DEBUG [main] c.d.e.e.EtlController [EtlController.java:36] finally always executes!
2017-02-02 20:26:38,455 DEBUG [main] c.d.e.e.EtlController [EtlController.java:36] finally always executes!
2017-02-02 20:28:22,481 DEBUG [main] c.d.e.e.EtlController [EtlController.java:35] finally always executes!
2017-02-02 20:34:22,977 DEBUG [main] c.d.e.e.EtlController [EtlController.java:35] finally always executes!
2017-02-02 20:35:10,787 DEBUG [main] c.d.e.e.EtlController [EtlController.java:35] finally always executes!
2017-02-02 20:46:37,777 DEBUG [main] c.d.e.e.EtlController [EtlController.java:34] finally always executes!
2017-02-02 20:49:29,066 DEBUG [main] c.d.e.e.EtlController [EtlController.java:34] finally always executes!
2017-02-02 20:49:56,908 DEBUG [main] c.d.e.e.EtlController [EtlController.java:34] finally always executes!
2017-02-02 20:49:56,914 DEBUG [main] c.d.e.Main [Main.java:21] Stub user data: [001, tester001]
2017-02-02 20:50:53,330 DEBUG [main] c.d.e.e.EtlController [EtlController.java:34] finally always executes!
2017-02-02 20:51:13,123 DEBUG [main] c.d.e.e.EtlController [EtlController.java:34] finally always executes!
2017-02-02 20:51:41,290 DEBUG [main] c.d.e.e.EtlController [EtlController.java:34] finally always executes!
2017-02-02 20:52:56,001 DEBUG [main] c.d.e.e.EtlController [EtlController.java:34] finally always executes!
2017-02-02 20:53:05,311 DEBUG [main] c.d.e.e.EtlController [EtlController.java:34] finally always executes!
2017-02-02 20:53:22,050 DEBUG [main] c.d.e.e.EtlController [EtlController.java:34] finally always executes!
2017-02-02 20:53:27,241 DEBUG [main] c.d.e.e.EtlController [EtlController.java:34] finally always executes!
2017-02-02 20:55:40,335 DEBUG [main] c.d.e.e.EtlController [EtlController.java:34] finally always executes!
2017-02-02 20:55:50,208 DEBUG [main] c.d.e.e.EtlController [EtlController.java:34] finally always executes!
2017-02-02 20:56:59,521 DEBUG [main] c.d.e.e.EtlController [EtlController.java:34] finally always executes!
2017-02-02 20:57:20,555 DEBUG [main] c.d.e.e.EtlController [EtlController.java:34] finally always executes!
2017-02-02 20:58:01,660 DEBUG [main] c.d.e.e.EtlController [EtlController.java:34] finally always executes!
2017-02-02 20:58:07,503 DEBUG [main] c.d.e.e.EtlController [EtlController.java:34] finally always executes!
2017-02-02 20:59:31,376 DEBUG [main] c.d.e.e.EtlController [EtlController.java:34] finally always executes!
2017-02-04 17:40:44,042 DEBUG [main] c.d.e.e.EtlController [EtlController.java:34] finally always executes!
2017-02-04 17:41:23,234 DEBUG [main] c.d.e.e.EtlController [EtlController.java:34] finally always executes!
2017-02-04 17:42:58,005 DEBUG [main] c.d.e.e.EtlController [EtlController.java:34] finally always executes!
2017-02-04 17:43:21,868 DEBUG [main] c.d.e.e.EtlController [EtlController.java:34] finally always executes!
2017-02-04 17:46:57,205 DEBUG [main] c.d.e.e.EtlController [EtlController.java:34] finally always executes!
2017-02-04 17:50:42,484 DEBUG [main] c.d.e.e.EtlController [EtlController.java:34] finally always executes!
2017-02-04 18:00:58,239 DEBUG [main] c.d.e.e.EtlController [EtlController.java:34] finally always executes!
2017-02-04 18:10:57,760 DEBUG [main] c.d.e.e.EtlController [EtlController.java:34] finally always executes!
2017-02-04 18:11:31,719 DEBUG [main] c.d.e.e.EtlController [EtlController.java:34] finally always executes!
2017-02-04 19:36:03,660 DEBUG [main] c.d.e.e.EtlController [EtlController.java:34] finally always executes!
2017-02-05 15:34:42,713 DEBUG [main] c.d.e.e.EtlController [EtlController.java:34] finally always executes!
2017-02-05 16:44:58,716 DEBUG [main] c.d.e.e.EtlController [EtlController.java:34] finally always executes!
2017-02-05 16:45:08,793 DEBUG [main] c.d.e.e.EtlController [EtlController.java:34] finally always executes!
2017-02-05 16:45:08,813 DEBUG [main] c.d.e.e.EtlController [EtlController.java:34] finally always executes!
2017-02-05 16:49:57,041 DEBUG [main] c.d.e.e.EtlController [EtlController.java:34] finally always executes!
2017-02-05 16:49:57,068 DEBUG [main] c.d.e.e.EtlController [EtlController.java:34] finally always executes!
2017-02-05 16:50:20,399 DEBUG [main] c.d.e.e.EtlController [EtlController.java:34] finally always executes!
2017-02-05 16:50:20,413 DEBUG [main] c.d.e.e.EtlController [EtlController.java:34] finally always executes!
2017-02-05 16:51:09,332 DEBUG [main] c.d.e.e.EtlController [EtlController.java:34] finally always executes!
2017-02-05 16:51:09,347 DEBUG [main] c.d.e.e.EtlController [EtlController.java:34] finally always executes!
2017-02-05 16:51:26,845 DEBUG [main] c.d.e.e.EtlController [EtlController.java:34] finally always executes!
2017-02-05 16:51:26,871 DEBUG [main] c.d.e.e.EtlController [EtlController.java:34] finally always executes!
2017-02-05 16:55:47,171 DEBUG [main] c.d.e.e.EtlController [EtlController.java:34] finally always executes!
2017-02-05 16:55:47,192 DEBUG [main] c.d.e.e.EtlController [EtlController.java:34] finally always executes!
2017-02-05 17:03:05,351 INFO [main] c.d.e.e.EtlControllerTest [EtlControllerTest.java:22] @BeforAll works!!!
2017-02-05 17:03:05,641 DEBUG [main] c.d.e.e.EtlController [EtlController.java:34] finally always executes!
2017-02-05 17:15:48,971 INFO [main] c.d.e.e.EtlControllerTest [EtlControllerTest.java:22] @BeforAll works!!!
2017-02-05 17:15:49,110 DEBUG [main] c.d.e.e.EtlController [EtlController.java:34] finally always executes!
2017-02-05 17:38:17,177 INFO [main] c.d.e.e.EtlControllerTest [EtlControllerTest.java:23] @BeforAll works!!!
2017-02-05 17:38:17,452 DEBUG [main] c.d.e.e.EtlController [EtlController.java:34] finally always executes!
2017-02-05 17:38:17,478 DEBUG [main] c.d.e.e.EtlController [EtlController.java:34] finally always executes!
2017-02-05 17:38:45,541 INFO [main] c.d.e.e.EtlControllerTest [EtlControllerTest.java:23] @BeforAll works!!!
2017-02-05 17:38:45,690 DEBUG [main] c.d.e.e.EtlController [EtlController.java:34] finally always executes!
2017-02-05 17:41:45,576 INFO [main] c.d.e.e.EtlControllerTest [EtlControllerTest.java:23] @BeforAll works!!!
2017-02-05 17:53:37,793 INFO [main] c.d.e.e.EtlControllerTest [EtlControllerTest.java:20] @BeforAll works!!!
2017-02-05 17:55:07,402 INFO [main] c.d.e.e.EtlControllerTest [EtlControllerTest.java:20] @BeforAll works!!!
2017-02-05 18:03:45,757 INFO [main] c.d.e.e.EtlControllerTest [EtlControllerTest.java:21] @BeforAll works!!!
2017-02-05 18:07:19,375 INFO [main] c.d.e.e.EtlControllerTest [EtlControllerTest.java:21] @BeforAll works!!!
2017-02-05 18:15:41,870 INFO [main] c.d.e.e.EtlControllerTest [EtlControllerTest.java:22] @BeforAll works!!!
2017-02-05 18:16:27,797 INFO [main] c.d.e.e.EtlControllerTest [EtlControllerTest.java:22] @BeforAll works!!!
2017-02-05 18:22:04,495 INFO [main] c.d.e.e.EtlControllerTest [EtlControllerTest.java:22] @BeforAll works!!!
2017-02-05 18:29:34,864 INFO [main] c.d.e.e.EtlControllerTest [EtlControllerTest.java:22] @BeforAll works!!!
2017-02-05 18:45:31,237 INFO [main] c.d.e.e.EtlControllerTest [EtlControllerTest.java:27] @AfterAll works!!!
2017-02-05 18:45:31,243 INFO [main] c.d.e.e.EtlControllerTest [EtlControllerTest.java:22] @BeforAll works!!!
2017-02-05 18:45:31,500 DEBUG [main] c.d.e.e.EtlControllerTest [EtlControllerTest.java:54] No Exception path tested
2017-02-05 18:45:31,519 DEBUG [main] c.d.e.e.EtlControllerTest [EtlControllerTest.java:81] DataExtractException path tested
2017-02-05 18:45:31,521 DEBUG [main] c.d.e.e.EtlControllerTest [EtlControllerTest.java:108] ParseException path tested
2017-02-05 18:45:31,528 DEBUG [main] c.d.e.e.EtlControllerTest [EtlControllerTest.java:139] DataLoadException path tested
2017-02-05 18:45:31,530 DEBUG [main] c.d.e.e.EtlControllerTest [EtlControllerTest.java:169] TransformException path tested
2017-02-05 18:46:11,644 INFO [main] c.d.e.e.EtlControllerTest [EtlControllerTest.java:23] @BeforAll works!!!
2017-02-05 18:46:11,941 DEBUG [main] c.d.e.e.EtlControllerTest [EtlControllerTest.java:82] DataExtractException path tested
2017-02-05 18:46:11,958 DEBUG [main] c.d.e.e.EtlControllerTest [EtlControllerTest.java:109] ParseException path tested
2017-02-05 18:46:12,009 DEBUG [main] c.d.e.e.EtlControllerTest [EtlControllerTest.java:140] DataLoadException path tested
2017-02-05 18:46:12,013 DEBUG [main] c.d.e.e.EtlControllerTest [EtlControllerTest.java:170] TransformException path tested
2017-02-05 18:46:12,029 DEBUG [main] c.d.e.e.EtlControllerTest [EtlControllerTest.java:55] No Exception path tested
2017-02-05 18:46:12,031 INFO [main] c.d.e.e.EtlControllerTest [EtlControllerTest.java:28] @AfterAll works!!!
2017-02-06 20:32:53,641 INFO [main] c.d.e.e.EtlControllerTest [EtlControllerTest.java:28] @BeforAll works!!!
2017-02-06 20:32:53,842 DEBUG [main] c.d.e.e.EtlControllerTest [EtlControllerTest.java:69] No Exception path tested
2017-02-06 20:32:53,860 INFO [main] c.d.e.e.EtlControllerTest [EtlControllerTest.java:33] @AfterAll works!!!
2017-02-06 20:36:19,375 INFO [main] c.d.e.e.EtlControllerTest [EtlControllerTest.java:28] @BeforAll works!!!
2017-02-06 20:36:19,546 DEBUG [main] c.d.e.e.EtlControllerTest [EtlControllerTest.java:62] No Exception path tested
2017-02-06 20:36:19,558 DEBUG [main] c.d.e.e.EtlControllerTest [EtlControllerTest.java:85] DataExtractException path tested
2017-02-06 20:36:19,561 DEBUG [main] c.d.e.e.EtlControllerTest [EtlControllerTest.java:108] ParseException path tested
2017-02-06 20:36:19,567 DEBUG [main] c.d.e.e.EtlControllerTest [EtlControllerTest.java:131] DataLoadException path tested
2017-02-06 20:36:19,570 DEBUG [main] c.d.e.e.EtlControllerTest [EtlControllerTest.java:153] TransformException path tested
2017-02-06 20:36:19,571 INFO [main] c.d.e.e.EtlControllerTest [EtlControllerTest.java:33] @AfterAll works!!!
2017-02-06 20:42:01,818 INFO [main] c.d.e.e.EtlControllerTest [EtlControllerTest.java:38] @BeforAll works!!!
2017-02-06 20:42:01,971 DEBUG [main] c.d.e.e.EtlControllerTest [EtlControllerTest.java:71] No Exception path tested
2017-02-06 20:42:01,999 DEBUG [main] c.d.e.e.EtlControllerTest [EtlControllerTest.java:89] DataExtractException path tested
2017-02-06 20:42:02,003 DEBUG [main] c.d.e.e.EtlControllerTest [EtlControllerTest.java:108] ParseException path tested
2017-02-06 20:42:02,008 DEBUG [main] c.d.e.e.EtlControllerTest [EtlControllerTest.java:127] DataLoadException path tested
2017-02-06 20:42:02,011 DEBUG [main] c.d.e.e.EtlControllerTest [EtlControllerTest.java:144] TransformException path tested
2017-02-06 20:42:02,013 INFO [main] c.d.e.e.EtlControllerTest [EtlControllerTest.java:43] @AfterAll works!!!
2017-02-06 20:42:58,413 INFO [main] c.d.e.e.EtlControllerTest [EtlControllerTest.java:38] @BeforAll works!!!
2017-02-06 20:42:58,545 INFO [main] c.d.e.e.EtlControllerTest [EtlControllerTest.java:57] Test preparations have completed
2017-02-06 20:42:58,569 DEBUG [main] c.d.e.e.EtlControllerTest [EtlControllerTest.java:72] No Exception path tested
2017-02-06 20:42:58,575 INFO [main] c.d.e.e.EtlControllerTest [EtlControllerTest.java:57] Test preparations have completed
2017-02-06 20:42:58,586 DEBUG [main] c.d.e.e.EtlControllerTest [EtlControllerTest.java:90] DataExtractException path tested
2017-02-06 20:42:58,589 INFO [main] c.d.e.e.EtlControllerTest [EtlControllerTest.java:57] Test preparations have completed
2017-02-06 20:42:58,590 DEBUG [main] c.d.e.e.EtlControllerTest [EtlControllerTest.java:109] ParseException path tested
2017-02-06 20:42:58,592 INFO [main] c.d.e.e.EtlControllerTest [EtlControllerTest.java:57] Test preparations have completed
2017-02-06 20:42:58,596 DEBUG [main] c.d.e.e.EtlControllerTest [EtlControllerTest.java:128] DataLoadException path tested
2017-02-06 20:42:58,598 INFO [main] c.d.e.e.EtlControllerTest [EtlControllerTest.java:57] Test preparations have completed
2017-02-06 20:42:58,599 DEBUG [main] c.d.e.e.EtlControllerTest [EtlControllerTest.java:145] TransformException path tested
2017-02-06 20:42:58,603 INFO [main] c.d.e.e.EtlControllerTest [EtlControllerTest.java:43] @AfterAll works!!!
2017-02-06 20:43:56,313 INFO [main] c.d.e.e.EtlControllerTest [EtlControllerTest.java:38] @BeforAll works!!!
2017-02-06 20:43:56,600 INFO [main] c.d.e.e.EtlControllerTest [EtlControllerTest.java:57] Test preparations have completed
2017-02-06 20:43:56,634 DEBUG [main] c.d.e.e.EtlControllerTest [EtlControllerTest.java:70] No Exception path tested
2017-02-06 20:43:56,643 INFO [main] c.d.e.e.EtlControllerTest [EtlControllerTest.java:57] Test preparations have completed
2017-02-06 20:43:56,654 DEBUG [main] c.d.e.e.EtlControllerTest [EtlControllerTest.java:87] DataExtractException path tested
2017-02-06 20:43:56,656 INFO [main] c.d.e.e.EtlControllerTest [EtlControllerTest.java:57] Test preparations have completed
2017-02-06 20:43:56,658 DEBUG [main] c.d.e.e.EtlControllerTest [EtlControllerTest.java:104] ParseException path tested
2017-02-06 20:43:56,660 INFO [main] c.d.e.e.EtlControllerTest [EtlControllerTest.java:57] Test preparations have completed
2017-02-06 20:43:56,666 DEBUG [main] c.d.e.e.EtlControllerTest [EtlControllerTest.java:120] DataLoadException path tested
2017-02-06 20:43:56,668 INFO [main] c.d.e.e.EtlControllerTest [EtlControllerTest.java:57] Test preparations have completed
2017-02-06 20:43:56,670 DEBUG [main] c.d.e.e.EtlControllerTest [EtlControllerTest.java:135] TransformException path tested
2017-02-06 20:43:56,674 INFO [main] c.d.e.e.EtlControllerTest [EtlControllerTest.java:43] @AfterAll works!!!
2017-02-06 20:48:45,974 INFO [main] c.d.e.e.EtlControllerTest [EtlControllerTest.java:38] @BeforAll works!!!
2017-02-06 20:48:46,201 INFO [main] c.d.e.e.EtlControllerTest [EtlControllerTest.java:57] Test preparations have completed for test: com.db.edu.etl.EtlControllerTest
2017-02-06 20:48:46,243 INFO [main] c.d.e.e.EtlControllerTest [EtlControllerTest.java:57] Test preparations have completed for test: com.db.edu.etl.EtlControllerTest
2017-02-06 20:48:46,261 INFO [main] c.d.e.e.EtlControllerTest [EtlControllerTest.java:57] Test preparations have completed for test: com.db.edu.etl.EtlControllerTest
2017-02-06 20:48:46,264 INFO [main] c.d.e.e.EtlControllerTest [EtlControllerTest.java:57] Test preparations have completed for test: com.db.edu.etl.EtlControllerTest
2017-02-06 20:48:46,272 INFO [main] c.d.e.e.EtlControllerTest [EtlControllerTest.java:57] Test preparations have completed for test: com.db.edu.etl.EtlControllerTest
2017-02-06 20:48:46,276 INFO [main] c.d.e.e.EtlControllerTest [EtlControllerTest.java:43] @AfterAll works!!!
2017-02-06 20:51:45,635 INFO [main] c.d.e.e.EtlControllerTest [EtlControllerTest.java:38] @BeforAll works!!!
2017-02-06 20:51:45,864 INFO [main] c.d.e.e.EtlControllerTest [EtlControllerTest.java:57] Test preparations have completed for test: [Ljava.lang.Class;@63d4f0a2
2017-02-06 20:51:45,914 INFO [main] c.d.e.e.EtlControllerTest [EtlControllerTest.java:57] Test preparations have completed for test: [Ljava.lang.Class;@31e2232f
2017-02-06 20:51:45,920 INFO [main] c.d.e.e.EtlControllerTest [EtlControllerTest.java:57] Test preparations have completed for test: [Ljava.lang.Class;@462e1e64
2017-02-06 20:51:45,932 INFO [main] c.d.e.e.EtlControllerTest [EtlControllerTest.java:57] Test preparations have completed for test: [Ljava.lang.Class;@6ca372ef
2017-02-06 20:51:45,934 INFO [main] c.d.e.e.EtlControllerTest [EtlControllerTest.java:57] Test preparations have completed for test: [Ljava.lang.Class;@6ed043d3
2017-02-06 20:51:45,946 INFO [main] c.d.e.e.EtlControllerTest [EtlControllerTest.java:43] @AfterAll works!!!
2017-02-06 21:31:10,837 INFO [main] c.d.e.e.EtlControllerTest [EtlControllerTest.java:41] @BeforAll works!!!
2017-02-06 21:31:11,020 INFO [main] c.d.e.e.EtlControllerTest [EtlControllerTest.java:46] @AfterAll works!!!
2017-02-06 21:49:57,446 INFO [main] c.d.e.e.EtlControllerTest [EtlControllerTest.java:41] @BeforAll works!!!
2017-02-06 21:49:57,863 INFO [main] c.d.e.e.EtlControllerTest [EtlControllerTest.java:46] @AfterAll works!!!
2017-02-10 20:37:27,177 INFO [main] c.d.e.e.EtlControllerTest [EtlControllerTest.java:38] @BeforAll works!!!
2017-02-10 20:37:27,452 INFO [main] c.d.e.e.EtlControllerTest [EtlControllerTest.java:43] @AfterAll works!!!
2017-02-10 21:41:12,153 INFO [main] c.d.e.e.EtlControllerTest [EtlControllerTest.java:40] @BeforAll works!!!
2017-02-10 21:41:12,335 INFO [main] c.d.e.e.EtlControllerTest [EtlControllerTest.java:45] @AfterAll works!!!
2017-02-10 21:42:20,763 INFO [main] c.d.e.e.EtlControllerTest [EtlControllerTest.java:40] @BeforAll works!!!
2017-02-10 21:42:20,931 INFO [main] c.d.e.e.EtlControllerTest [EtlControllerTest.java:45] @AfterAll works!!!
2017-02-10 21:44:27,821 INFO [main] c.d.e.e.EtlControllerTest [EtlControllerTest.java:40] @BeforAll works!!!
2017-02-10 21:44:27,995 INFO [main] c.d.e.e.EtlControllerTest [EtlControllerTest.java:45] @AfterAll works!!!
2017-02-10 21:48:29,317 INFO [main] c.d.e.e.EtlControllerTest [EtlControllerTest.java:40] @BeforAll works!!!
2017-02-10 21:48:29,639 INFO [main] c.d.e.e.EtlControllerTest [EtlControllerTest.java:45] @AfterAll works!!!
2017-02-11 09:18:09,114 INFO [main] c.d.e.e.EtlControllerTest [EtlControllerTest.java:42] @BeforAll works!!!
2017-02-11 09:18:09,288 INFO [main] c.d.e.e.EtlControllerTest [EtlControllerTest.java:47] @AfterAll works!!!
2017-02-11 09:30:46,270 INFO [main] c.d.e.e.EtlControllerTest [EtlControllerTest.java:41] @BeforAll works!!!
2017-02-11 09:30:46,484 INFO [main] c.d.e.e.EtlControllerTest [EtlControllerTest.java:46] @AfterAll works!!!
2017-02-11 09:31:45,545 INFO [main] c.d.e.e.EtlControllerTest [EtlControllerTest.java:41] @BeforAll works!!!
2017-02-11 09:31:45,729 INFO [main] c.d.e.e.EtlControllerTest [EtlControllerTest.java:46] @AfterAll works!!!
2017-02-11 19:51:23,321 INFO [main] c.d.e.e.EtlControllerTest [EtlControllerTest.java:39] @BeforAll works!!!
2017-02-11 19:51:23,498 INFO [main] c.d.e.e.EtlControllerTest [EtlControllerTest.java:44] @AfterAll works!!!
2017-02-11 19:52:35,707 INFO [main] c.d.e.e.EtlControllerTest [EtlControllerTest.java:39] @BeforAll works!!!
2017-02-11 19:52:35,872 INFO [main] c.d.e.e.EtlControllerTest [EtlControllerTest.java:44] @AfterAll works!!!
2017-02-11 19:56:41,129 INFO [main] c.d.e.e.EtlControllerTest [EtlControllerTest.java:39] @BeforAll works!!!
2017-02-11 19:56:41,296 INFO [main] c.d.e.e.EtlControllerTest [EtlControllerTest.java:44] @AfterAll works!!!
